{"C:\\Users\\maiko\\my-wallet-app\\backend\\express-api\\controllers\\auth.controller.js": {"path":"C:\\Users\\maiko\\my-wallet-app\\backend\\express-api\\controllers\\auth.controller.js","statementMap":{"0":{"start":{"line":1,"column":12},"end":{"line":1,"column":35}},"1":{"start":{"line":2,"column":22},"end":{"line":2,"column":42}},"2":{"start":{"line":3,"column":15},"end":{"line":3,"column":35}},"3":{"start":{"line":5,"column":0},"end":{"line":45,"column":2}},"4":{"start":{"line":6,"column":25},"end":{"line":6,"column":33}},"5":{"start":{"line":7,"column":2},"end":{"line":9,"column":3}},"6":{"start":{"line":8,"column":4},"end":{"line":8,"column":65}},"7":{"start":{"line":12,"column":17},"end":{"line":20,"column":4}},"8":{"start":{"line":21,"column":2},"end":{"line":23,"column":3}},"9":{"start":{"line":22,"column":4},"end":{"line":22,"column":72}},"10":{"start":{"line":25,"column":2},"end":{"line":25,"column":21}},"11":{"start":{"line":26,"column":2},"end":{"line":26,"column":22}},"12":{"start":{"line":29,"column":13},"end":{"line":29,"column":39}},"13":{"start":{"line":30,"column":2},"end":{"line":32,"column":3}},"14":{"start":{"line":31,"column":4},"end":{"line":31,"column":52}},"15":{"start":{"line":34,"column":2},"end":{"line":34,"column":30}},"16":{"start":{"line":35,"column":2},"end":{"line":35,"column":20}},"17":{"start":{"line":38,"column":16},"end":{"line":42,"column":3}},"18":{"start":{"line":44,"column":2},"end":{"line":44,"column":29}}},"fnMap":{"0":{"name":"(anonymous_0)","decl":{"start":{"line":5,"column":16},"end":{"line":5,"column":17}},"loc":{"start":{"line":5,"column":36},"end":{"line":45,"column":1}},"line":5}},"branchMap":{"0":{"loc":{"start":{"line":7,"column":2},"end":{"line":9,"column":3}},"type":"if","locations":[{"start":{"line":7,"column":2},"end":{"line":9,"column":3}},{"start":{},"end":{}}],"line":7},"1":{"loc":{"start":{"line":7,"column":6},"end":{"line":7,"column":20}},"type":"binary-expr","locations":[{"start":{"line":7,"column":6},"end":{"line":7,"column":12}},{"start":{"line":7,"column":16},"end":{"line":7,"column":20}}],"line":7},"2":{"loc":{"start":{"line":21,"column":2},"end":{"line":23,"column":3}},"type":"if","locations":[{"start":{"line":21,"column":2},"end":{"line":23,"column":3}},{"start":{},"end":{}}],"line":21},"3":{"loc":{"start":{"line":30,"column":2},"end":{"line":32,"column":3}},"type":"if","locations":[{"start":{"line":30,"column":2},"end":{"line":32,"column":3}},{"start":{},"end":{}}],"line":30}},"s":{"0":1,"1":1,"2":1,"3":1,"4":5,"5":5,"6":2,"7":3,"8":3,"9":1,"10":2,"11":2,"12":2,"13":2,"14":1,"15":2,"16":2,"17":2,"18":2},"f":{"0":5},"b":{"0":[2,3],"1":[5,4],"2":[1,2],"3":[1,1]},"_coverageSchema":"1a1c01bbd47fc00a2c39e90264f33305004495a9","hash":"c7f242d3d0ddc7f97ccaa490fe96037e0ea8de32"}
,"C:\\Users\\maiko\\my-wallet-app\\backend\\express-api\\controllers\\balance.controller.js": {"path":"C:\\Users\\maiko\\my-wallet-app\\backend\\express-api\\controllers\\balance.controller.js","statementMap":{"0":{"start":{"line":2,"column":17},"end":{"line":2,"column":37}},"1":{"start":{"line":4,"column":0},"end":{"line":19,"column":2}},"2":{"start":{"line":5,"column":2},"end":{"line":18,"column":3}},"3":{"start":{"line":6,"column":18},"end":{"line":6,"column":32}},"4":{"start":{"line":7,"column":17},"end":{"line":7,"column":43}},"5":{"start":{"line":8,"column":4},"end":{"line":10,"column":5}},"6":{"start":{"line":9,"column":6},"end":{"line":9,"column":70}},"7":{"start":{"line":11,"column":4},"end":{"line":14,"column":7}},"8":{"start":{"line":16,"column":4},"end":{"line":16,"column":47}},"9":{"start":{"line":17,"column":4},"end":{"line":17,"column":72}}},"fnMap":{"0":{"name":"(anonymous_0)","decl":{"start":{"line":4,"column":21},"end":{"line":4,"column":22}},"loc":{"start":{"line":4,"column":41},"end":{"line":19,"column":1}},"line":4}},"branchMap":{"0":{"loc":{"start":{"line":8,"column":4},"end":{"line":10,"column":5}},"type":"if","locations":[{"start":{"line":8,"column":4},"end":{"line":10,"column":5}},{"start":{},"end":{}}],"line":8},"1":{"loc":{"start":{"line":13,"column":15},"end":{"line":13,"column":37}},"type":"binary-expr","locations":[{"start":{"line":13,"column":15},"end":{"line":13,"column":24}},{"start":{"line":13,"column":28},"end":{"line":13,"column":37}}],"line":13}},"s":{"0":1,"1":1,"2":4,"3":4,"4":4,"5":3,"6":1,"7":2,"8":1,"9":1},"f":{"0":4},"b":{"0":[1,2],"1":[2,1]},"_coverageSchema":"1a1c01bbd47fc00a2c39e90264f33305004495a9","hash":"7d62b5474c88c051494901a067a78ce6b9187491"}
,"C:\\Users\\maiko\\my-wallet-app\\backend\\express-api\\controllers\\health.controller.js": {"path":"C:\\Users\\maiko\\my-wallet-app\\backend\\express-api\\controllers\\health.controller.js","statementMap":{"0":{"start":{"line":1,"column":0},"end":{"line":3,"column":4}},"1":{"start":{"line":2,"column":4},"end":{"line":2,"column":31}}},"fnMap":{"0":{"name":"(anonymous_0)","decl":{"start":{"line":1,"column":17},"end":{"line":1,"column":18}},"loc":{"start":{"line":1,"column":32},"end":{"line":3,"column":3}},"line":1}},"branchMap":{},"s":{"0":1,"1":1},"f":{"0":1},"b":{},"_coverageSchema":"1a1c01bbd47fc00a2c39e90264f33305004495a9","hash":"33a3b6a05e8c953e1b736b013e0ae586ad1dcab8"}
,"C:\\Users\\maiko\\my-wallet-app\\backend\\express-api\\controllers\\history.controller.js": {"path":"C:\\Users\\maiko\\my-wallet-app\\backend\\express-api\\controllers\\history.controller.js","statementMap":{"0":{"start":{"line":2,"column":21},"end":{"line":2,"column":41}},"1":{"start":{"line":3,"column":15},"end":{"line":3,"column":35}},"2":{"start":{"line":5,"column":0},"end":{"line":36,"column":2}},"3":{"start":{"line":6,"column":2},"end":{"line":35,"column":3}},"4":{"start":{"line":7,"column":21},"end":{"line":7,"column":35}},"5":{"start":{"line":8,"column":21},"end":{"line":8,"column":65}},"6":{"start":{"line":9,"column":21},"end":{"line":9,"column":67}},"7":{"start":{"line":11,"column":19},"end":{"line":11,"column":40}},"8":{"start":{"line":14,"column":51},"end":{"line":24,"column":6}},"9":{"start":{"line":26,"column":23},"end":{"line":26,"column":55}},"10":{"start":{"line":28,"column":4},"end":{"line":31,"column":7}},"11":{"start":{"line":33,"column":4},"end":{"line":33,"column":47}},"12":{"start":{"line":34,"column":4},"end":{"line":34,"column":73}}},"fnMap":{"0":{"name":"(anonymous_0)","decl":{"start":{"line":5,"column":21},"end":{"line":5,"column":22}},"loc":{"start":{"line":5,"column":41},"end":{"line":36,"column":1}},"line":5}},"branchMap":{"0":{"loc":{"start":{"line":8,"column":30},"end":{"line":8,"column":61}},"type":"binary-expr","locations":[{"start":{"line":8,"column":30},"end":{"line":8,"column":52}},{"start":{"line":8,"column":60},"end":{"line":8,"column":61}}],"line":8},"1":{"loc":{"start":{"line":9,"column":30},"end":{"line":9,"column":62}},"type":"binary-expr","locations":[{"start":{"line":9,"column":30},"end":{"line":9,"column":56}},{"start":{"line":9,"column":60},"end":{"line":9,"column":62}}],"line":9}},"s":{"0":1,"1":1,"2":1,"3":4,"4":4,"5":4,"6":4,"7":4,"8":4,"9":3,"10":3,"11":1,"12":1},"f":{"0":4},"b":{"0":[4,2],"1":[4,2]},"_coverageSchema":"1a1c01bbd47fc00a2c39e90264f33305004495a9","hash":"5dd25a0d22e445b3834ed2601a537252277488bd"}
,"C:\\Users\\maiko\\my-wallet-app\\backend\\express-api\\controllers\\otp.controller.js": {"path":"C:\\Users\\maiko\\my-wallet-app\\backend\\express-api\\controllers\\otp.controller.js","statementMap":{"0":{"start":{"line":2,"column":21},"end":{"line":2,"column":41}},"1":{"start":{"line":7,"column":0},"end":{"line":36,"column":2}},"2":{"start":{"line":8,"column":20},"end":{"line":8,"column":28}},"3":{"start":{"line":9,"column":2},"end":{"line":11,"column":3}},"4":{"start":{"line":10,"column":4},"end":{"line":10,"column":73}},"5":{"start":{"line":13,"column":2},"end":{"line":21,"column":3}},"6":{"start":{"line":14,"column":17},"end":{"line":14,"column":43}},"7":{"start":{"line":15,"column":4},"end":{"line":17,"column":5}},"8":{"start":{"line":16,"column":6},"end":{"line":16,"column":70}},"9":{"start":{"line":19,"column":4},"end":{"line":19,"column":55}},"10":{"start":{"line":20,"column":4},"end":{"line":20,"column":81}},"11":{"start":{"line":23,"column":15},"end":{"line":23,"column":69}},"12":{"start":{"line":24,"column":20},"end":{"line":24,"column":56}},"13":{"start":{"line":27,"column":2},"end":{"line":27,"column":47}},"14":{"start":{"line":30,"column":2},"end":{"line":30,"column":49}},"15":{"start":{"line":32,"column":2},"end":{"line":35,"column":5}}},"fnMap":{"0":{"name":"(anonymous_0)","decl":{"start":{"line":7,"column":18},"end":{"line":7,"column":19}},"loc":{"start":{"line":7,"column":38},"end":{"line":36,"column":1}},"line":7}},"branchMap":{"0":{"loc":{"start":{"line":9,"column":2},"end":{"line":11,"column":3}},"type":"if","locations":[{"start":{"line":9,"column":2},"end":{"line":11,"column":3}},{"start":{},"end":{}}],"line":9},"1":{"loc":{"start":{"line":9,"column":6},"end":{"line":9,"column":39}},"type":"binary-expr","locations":[{"start":{"line":9,"column":6},"end":{"line":9,"column":12}},{"start":{"line":9,"column":16},"end":{"line":9,"column":39}}],"line":9},"2":{"loc":{"start":{"line":15,"column":4},"end":{"line":17,"column":5}},"type":"if","locations":[{"start":{"line":15,"column":4},"end":{"line":17,"column":5}},{"start":{},"end":{}}],"line":15}},"s":{"0":1,"1":1,"2":5,"3":5,"4":2,"5":3,"6":3,"7":2,"8":1,"9":1,"10":1,"11":1,"12":1,"13":1,"14":1,"15":1},"f":{"0":5},"b":{"0":[2,3],"1":[5,4],"2":[1,1]},"_coverageSchema":"1a1c01bbd47fc00a2c39e90264f33305004495a9","hash":"45e70e4be8ad95fd0ddaf5360ee38840361e177d"}
,"C:\\Users\\maiko\\my-wallet-app\\backend\\express-api\\controllers\\transfer.controller.js": {"path":"C:\\Users\\maiko\\my-wallet-app\\backend\\express-api\\controllers\\transfer.controller.js","statementMap":{"0":{"start":{"line":2,"column":38},"end":{"line":2,"column":58}},"1":{"start":{"line":4,"column":0},"end":{"line":118,"column":2}},"2":{"start":{"line":5,"column":20},"end":{"line":5,"column":34}},"3":{"start":{"line":6,"column":32},"end":{"line":6,"column":40}},"4":{"start":{"line":9,"column":2},"end":{"line":13,"column":3}},"5":{"start":{"line":10,"column":4},"end":{"line":12,"column":75}},"6":{"start":{"line":14,"column":2},"end":{"line":18,"column":3}},"7":{"start":{"line":15,"column":4},"end":{"line":17,"column":61}},"8":{"start":{"line":21,"column":20},"end":{"line":21,"column":34}},"9":{"start":{"line":22,"column":2},"end":{"line":26,"column":3}},"10":{"start":{"line":23,"column":4},"end":{"line":25,"column":77}},"11":{"start":{"line":27,"column":14},"end":{"line":27,"column":35}},"12":{"start":{"line":28,"column":2},"end":{"line":32,"column":3}},"13":{"start":{"line":29,"column":4},"end":{"line":31,"column":60}},"14":{"start":{"line":34,"column":2},"end":{"line":117,"column":3}},"15":{"start":{"line":36,"column":31},"end":{"line":39,"column":6}},"16":{"start":{"line":42,"column":4},"end":{"line":46,"column":5}},"17":{"start":{"line":43,"column":6},"end":{"line":45,"column":58}},"18":{"start":{"line":49,"column":4},"end":{"line":64,"column":5}},"19":{"start":{"line":50,"column":6},"end":{"line":60,"column":7}},"20":{"start":{"line":51,"column":8},"end":{"line":57,"column":11}},"21":{"start":{"line":59,"column":8},"end":{"line":59,"column":94}},"22":{"start":{"line":61,"column":6},"end":{"line":63,"column":59}},"23":{"start":{"line":67,"column":4},"end":{"line":78,"column":5}},"24":{"start":{"line":68,"column":6},"end":{"line":74,"column":9}},"25":{"start":{"line":75,"column":6},"end":{"line":77,"column":48}},"26":{"start":{"line":81,"column":24},"end":{"line":81,"column":53}},"27":{"start":{"line":82,"column":4},"end":{"line":111,"column":5}},"28":{"start":{"line":83,"column":6},"end":{"line":83,"column":30}},"29":{"start":{"line":84,"column":6},"end":{"line":84,"column":30}},"30":{"start":{"line":86,"column":6},"end":{"line":86,"column":43}},"31":{"start":{"line":87,"column":6},"end":{"line":87,"column":41}},"32":{"start":{"line":89,"column":21},"end":{"line":97,"column":7}},"33":{"start":{"line":98,"column":6},"end":{"line":98,"column":33}},"34":{"start":{"line":100,"column":6},"end":{"line":104,"column":9}},"35":{"start":{"line":106,"column":6},"end":{"line":106,"column":35}},"36":{"start":{"line":107,"column":6},"end":{"line":107,"column":50}},"37":{"start":{"line":108,"column":6},"end":{"line":110,"column":72}},"38":{"start":{"line":113,"column":4},"end":{"line":113,"column":47}},"39":{"start":{"line":114,"column":4},"end":{"line":116,"column":56}}},"fnMap":{"0":{"name":"(anonymous_0)","decl":{"start":{"line":4,"column":21},"end":{"line":4,"column":22}},"loc":{"start":{"line":4,"column":41},"end":{"line":118,"column":1}},"line":4}},"branchMap":{"0":{"loc":{"start":{"line":9,"column":2},"end":{"line":13,"column":3}},"type":"if","locations":[{"start":{"line":9,"column":2},"end":{"line":13,"column":3}},{"start":{},"end":{}}],"line":9},"1":{"loc":{"start":{"line":9,"column":6},"end":{"line":9,"column":43}},"type":"binary-expr","locations":[{"start":{"line":9,"column":6},"end":{"line":9,"column":14}},{"start":{"line":9,"column":18},"end":{"line":9,"column":43}}],"line":9},"2":{"loc":{"start":{"line":14,"column":2},"end":{"line":18,"column":3}},"type":"if","locations":[{"start":{"line":14,"column":2},"end":{"line":18,"column":3}},{"start":{},"end":{}}],"line":14},"3":{"loc":{"start":{"line":22,"column":2},"end":{"line":26,"column":3}},"type":"if","locations":[{"start":{"line":22,"column":2},"end":{"line":26,"column":3}},{"start":{},"end":{}}],"line":22},"4":{"loc":{"start":{"line":28,"column":2},"end":{"line":32,"column":3}},"type":"if","locations":[{"start":{"line":28,"column":2},"end":{"line":32,"column":3}},{"start":{},"end":{}}],"line":28},"5":{"loc":{"start":{"line":42,"column":4},"end":{"line":46,"column":5}},"type":"if","locations":[{"start":{"line":42,"column":4},"end":{"line":46,"column":5}},{"start":{},"end":{}}],"line":42},"6":{"loc":{"start":{"line":49,"column":4},"end":{"line":64,"column":5}},"type":"if","locations":[{"start":{"line":49,"column":4},"end":{"line":64,"column":5}},{"start":{},"end":{}}],"line":49},"7":{"loc":{"start":{"line":67,"column":4},"end":{"line":78,"column":5}},"type":"if","locations":[{"start":{"line":67,"column":4},"end":{"line":78,"column":5}},{"start":{},"end":{}}],"line":67}},"s":{"0":1,"1":1,"2":11,"3":11,"4":11,"5":1,"6":10,"7":1,"8":9,"9":9,"10":2,"11":7,"12":7,"13":1,"14":6,"15":6,"16":5,"17":1,"18":4,"19":1,"20":1,"21":0,"22":1,"23":3,"24":1,"25":1,"26":2,"27":2,"28":2,"29":2,"30":2,"31":2,"32":2,"33":1,"34":1,"35":1,"36":1,"37":1,"38":1,"39":1},"f":{"0":11},"b":{"0":[1,10],"1":[11,11],"2":[1,9],"3":[2,7],"4":[1,6],"5":[1,4],"6":[1,3],"7":[1,2]},"_coverageSchema":"1a1c01bbd47fc00a2c39e90264f33305004495a9","hash":"84ff47ed00f980633c98027912bee0caa798cefd"}
}
