TN:
SF:controllers\auth.controller.js
FN:5,(anonymous_0)
FNF:1
FNH:1
FNDA:5,(anonymous_0)
DA:1,1
DA:2,1
DA:3,1
DA:5,1
DA:6,5
DA:7,5
DA:8,2
DA:12,3
DA:21,3
DA:22,1
DA:25,2
DA:26,2
DA:29,2
DA:30,2
DA:31,1
DA:34,2
DA:35,2
DA:38,2
DA:44,2
LF:19
LH:19
BRDA:7,0,0,2
BRDA:7,0,1,3
BRDA:7,1,0,5
BRDA:7,1,1,4
BRDA:21,2,0,1
BRDA:21,2,1,2
BRDA:30,3,0,1
BRDA:30,3,1,1
BRF:8
BRH:8
end_of_record
TN:
SF:controllers\balance.controller.js
FN:4,(anonymous_0)
FNF:1
FNH:1
FNDA:4,(anonymous_0)
DA:2,1
DA:4,1
DA:5,4
DA:6,4
DA:7,4
DA:8,3
DA:9,1
DA:11,2
DA:16,1
DA:17,1
LF:10
LH:10
BRDA:8,0,0,1
BRDA:8,0,1,2
BRDA:13,1,0,2
BRDA:13,1,1,1
BRF:4
BRH:4
end_of_record
TN:
SF:controllers\health.controller.js
FN:1,(anonymous_0)
FNF:1
FNH:1
FNDA:1,(anonymous_0)
DA:1,1
DA:2,1
LF:2
LH:2
BRF:0
BRH:0
end_of_record
TN:
SF:controllers\history.controller.js
FN:5,(anonymous_0)
FNF:1
FNH:1
FNDA:4,(anonymous_0)
DA:2,1
DA:3,1
DA:5,1
DA:6,4
DA:7,4
DA:8,4
DA:9,4
DA:11,4
DA:14,4
DA:26,3
DA:28,3
DA:33,1
DA:34,1
LF:13
LH:13
BRDA:8,0,0,4
BRDA:8,0,1,2
BRDA:9,1,0,4
BRDA:9,1,1,2
BRF:4
BRH:4
end_of_record
TN:
SF:controllers\otp.controller.js
FN:7,(anonymous_0)
FNF:1
FNH:1
FNDA:5,(anonymous_0)
DA:2,1
DA:7,1
DA:8,5
DA:9,5
DA:10,2
DA:13,3
DA:14,3
DA:15,2
DA:16,1
DA:19,1
DA:20,1
DA:23,1
DA:24,1
DA:27,1
DA:30,1
DA:32,1
LF:16
LH:16
BRDA:9,0,0,2
BRDA:9,0,1,3
BRDA:9,1,0,5
BRDA:9,1,1,4
BRDA:15,2,0,1
BRDA:15,2,1,1
BRF:6
BRH:6
end_of_record
TN:
SF:controllers\transfer.controller.js
FN:4,(anonymous_0)
FNF:1
FNH:1
FNDA:11,(anonymous_0)
DA:2,1
DA:4,1
DA:5,11
DA:6,11
DA:9,11
DA:10,1
DA:14,10
DA:15,1
DA:21,9
DA:22,9
DA:23,2
DA:27,7
DA:28,7
DA:29,1
DA:34,6
DA:36,6
DA:42,5
DA:43,1
DA:49,4
DA:50,1
DA:51,1
DA:59,0
DA:61,1
DA:67,3
DA:68,1
DA:75,1
DA:81,2
DA:82,2
DA:83,2
DA:84,2
DA:86,2
DA:87,2
DA:89,2
DA:98,1
DA:100,1
DA:106,1
DA:107,1
DA:108,1
DA:113,1
DA:114,1
LF:40
LH:39
BRDA:9,0,0,1
BRDA:9,0,1,10
BRDA:9,1,0,11
BRDA:9,1,1,11
BRDA:14,2,0,1
BRDA:14,2,1,9
BRDA:22,3,0,2
BRDA:22,3,1,7
BRDA:28,4,0,1
BRDA:28,4,1,6
BRDA:42,5,0,1
BRDA:42,5,1,4
BRDA:49,6,0,1
BRDA:49,6,1,3
BRDA:67,7,0,1
BRDA:67,7,1,2
BRF:16
BRH:16
end_of_record
